# JRE version: Java(TM) SE Runtime Environment (8.0_05-b13) (build 1.8.0_05-b13)
# Java VM: Java HotSpot(TM) 64-Bit Server VM (25.5-b02 mixed mode windows-amd64 compressed oops)
Heap:
 par new generation   total 314560K, used 205641K [0x00000000c0000000, 0x00000000d5550000, 0x00000000d5550000)
  eden space 279616K,  61% used [0x00000000c0000000, 0x00000000ca6b2608, 0x00000000d1110000)
  from space 34944K,  99% used [0x00000000d1110000, 0x00000000d332fff8, 0x00000000d3330000)
  to   space 34944K,   0% used [0x00000000d3330000, 0x00000000d3330000, 0x00000000d5550000)
 concurrent mark-sweep generation total 699072K, used 49294K [0x00000000d5550000, 0x0000000100000000, 0x0000000100000000)
 Metaspace       used 24997K, capacity 25202K, committed 25536K, reserved 1071104K
  class space    used 3224K, capacity 3280K, committed 3296K, reserved 1048576K
GC Heap History (4 events):
Event: 2.354 GC heap before
{Heap before GC invocations=0 (full 0):
 par new generation   total 314560K, used 279616K [0x00000000c0000000, 0x00000000d5550000, 0x00000000d5550000)
  eden space 279616K, 100% used [0x00000000c0000000, 0x00000000d1110000, 0x00000000d1110000)
  from space 34944K,   0% used [0x00000000d1110000, 0x00000000d1110000, 0x00000000d3330000)
  to   space 34944K,   0% used [0x00000000d3330000, 0x00000000d3330000, 0x00000000d5550000)
 concurrent mark-sweep generation total 699072K, used 0K [0x00000000d5550000, 0x0000000100000000, 0x0000000100000000)
 Metaspace       used 19348K, capacity 19532K, committed 19712K, reserved 1067008K
  class space    used 2490K, capacity 2533K, committed 2560K, reserved 1048576K
Event: 2.370 GC heap after
Heap after GC invocations=1 (full 0):
 par new generation   total 314560K, used 33972K [0x00000000c0000000, 0x00000000d5550000, 0x00000000d5550000)
  eden space 279616K,   0% used [0x00000000c0000000, 0x00000000c0000000, 0x00000000d1110000)
  from space 34944K,  97% used [0x00000000d3330000, 0x00000000d545d3f8, 0x00000000d5550000)
  to   space 34944K,   0% used [0x00000000d1110000, 0x00000000d1110000, 0x00000000d3330000)
 concurrent mark-sweep generation total 699072K, used 0K [0x00000000d5550000, 0x0000000100000000, 0x0000000100000000)
 Metaspace       used 19348K, capacity 19532K, committed 19712K, reserved 1067008K
  class space    used 2490K, capacity 2533K, committed 2560K, reserved 1048576K
}
Event: 4.302 GC heap before
{Heap before GC invocations=1 (full 0):
 par new generation   total 314560K, used 313588K [0x00000000c0000000, 0x00000000d5550000, 0x00000000d5550000)
  eden space 279616K, 100% used [0x00000000c0000000, 0x00000000d1110000, 0x00000000d1110000)
  from space 34944K,  97% used [0x00000000d3330000, 0x00000000d545d3f8, 0x00000000d5550000)
  to   space 34944K,   0% used [0x00000000d1110000, 0x00000000d1110000, 0x00000000d3330000)
 concurrent mark-sweep generation total 699072K, used 0K [0x00000000d5550000, 0x0000000100000000, 0x0000000100000000)
 Metaspace       used 20704K, capacity 20876K, committed 21248K, reserved 1067008K
  class space    used 2671K, capacity 2725K, committed 2816K, reserved 1048576K
Event: 4.356 GC heap after
Heap after GC invocations=2 (full 0):
 par new generation   total 314560K, used 34943K [0x00000000c0000000, 0x00000000d5550000, 0x00000000d5550000)
  eden space 279616K,   0% used [0x00000000c0000000, 0x00000000c0000000, 0x00000000d1110000)
  from space 34944K,  99% used [0x00000000d1110000, 0x00000000d332fff8, 0x00000000d3330000)
  to   space 34944K,   0% used [0x00000000d3330000, 0x00000000d3330000, 0x00000000d5550000)
 concurrent mark-sweep generation total 699072K, used 49294K [0x00000000d5550000, 0x0000000100000000, 0x0000000100000000)
 Metaspace       used 20704K, capacity 20876K, committed 21248K, reserved 1067008K
  class space    used 2671K, capacity 2725K, committed 2816K, reserved 1048576K
}

